<testsuites>
  <testsuite name="Endava.BookSharing.Presentation.UnitTests.dll" tests="34" skipped="0" failures="0" errors="0" time="0.2862936" timestamp="2022-10-14T19:56:57" hostname="EN412241" id="0" package="Endava.BookSharing.Presentation.UnitTests.dll">
    <properties />
    <testcase classname="Endava.BookSharing.Presentation.UnitTests.Filters.ExceptionFiltersTest" name="ExceptionFilterTest_Returns_Code500" time="0.0111889" />
    <testcase classname="Endava.BookSharing.Presentation.UnitTests.Filters.ExceptionFiltersTest" name="ExceptionFilterTest_Returns_Code400" time="0.0019708" />
    <testcase classname="Endava.BookSharing.Presentation.UnitTests.Models.Validators.BookUpdateValidatorTests" name="UpdateBookValidator_WhenAuthorIdNotValid_Rejects(AuthorId: &quot;&quot;)" time="0.0585921" />
    <testcase classname="Endava.BookSharing.Presentation.UnitTests.Models.Validators.BookUpdateValidatorTests" name="UpdateBookValidator_WhenAuthorIdNotValid_Rejects(AuthorId: null)" time="0.0103044" />
    <testcase classname="Endava.BookSharing.Presentation.UnitTests.Models.Validators.BookUpdateValidatorTests" name="UpdateBookValidator_WhenTitleNotValid_Rejects(title: &quot;title    &quot;)" time="0.0006503" />
    <testcase classname="Endava.BookSharing.Presentation.UnitTests.Models.Validators.BookUpdateValidatorTests" name="UpdateBookValidator_WhenTitleNotValid_Rejects(title: null)" time="0.0002436" />
    <testcase classname="Endava.BookSharing.Presentation.UnitTests.Models.Validators.BookUpdateValidatorTests" name="UpdateBookValidator_WhenTitleNotValid_Rejects(title: &quot;ăîasdâîăâăâîăsdfadf439483&quot;)" time="0.0003283" />
    <testcase classname="Endava.BookSharing.Presentation.UnitTests.Models.Validators.BookUpdateValidatorTests" name="UpdateBookValidator_WhenTitleNotValid_Rejects(title: &quot;&quot;)" time="0.0002175" />
    <testcase classname="Endava.BookSharing.Presentation.UnitTests.Models.Validators.BookUpdateValidatorTests" name="UpdateBookValidator_WhenTitleNotValid_Rejects(title: &quot;1#213*)#!@#$%^&amp;*()&quot;)" time="0.0002216" />
    <testcase classname="Endava.BookSharing.Presentation.UnitTests.Models.Validators.BookUpdateValidatorTests" name="UpdateBookValidator_WhenAuthorNameValid_Accepts(AuthorName: &quot;Hello Hellaa&quot;)" time="0.0004440" />
    <testcase classname="Endava.BookSharing.Presentation.UnitTests.Models.Validators.BookUpdateValidatorTests" name="UpdateBookValidator_WhenAuthorNameValid_Accepts(AuthorName: &quot;Marcu Lilian&quot;)" time="0.0002112" />
    <testcase classname="Endava.BookSharing.Presentation.UnitTests.Models.Validators.BookUpdateValidatorTests" name="UpdateBookValidator_WhenAuthorIdValid_Accepts(AuthorId: &quot;pasasas&quot;)" time="0.0003107" />
    <testcase classname="Endava.BookSharing.Presentation.UnitTests.Models.Validators.BookUpdateValidatorTests" name="UpdateBookValidator_WhenLanguageIdNotValid_Rejects(languageId: &quot;&quot;)" time="0.0003030" />
    <testcase classname="Endava.BookSharing.Presentation.UnitTests.Models.Validators.BookUpdateValidatorTests" name="UpdateBookValidator_WhenLanguageIdNotValid_Rejects(languageId: null)" time="0.0001933" />
    <testcase classname="Endava.BookSharing.Presentation.UnitTests.Models.Validators.BookUpdateValidatorTests" name="UpdateBookValidator_WhenTitleValid_Accepts(title: &quot;asdbasdasd&quot;)" time="0.0002882" />
    <testcase classname="Endava.BookSharing.Presentation.UnitTests.Models.Validators.BookUpdateValidatorTests" name="UpdateBookValidator_WhenGenresNotValid_Rejects" time="0.0003289" />
    <testcase classname="Endava.BookSharing.Presentation.UnitTests.Models.Validators.BookUpdateValidatorTests" name="UpdateBookValidator_WhenAuthorNameNotValid_Rejects(AuthorName: &quot;&quot;)" time="0.0003651" />
    <testcase classname="Endava.BookSharing.Presentation.UnitTests.Models.Validators.BookUpdateValidatorTests" name="UpdateBookValidator_WhenAuthorNameNotValid_Rejects(AuthorName: &quot;pass&quot;)" time="0.0002158" />
    <testcase classname="Endava.BookSharing.Presentation.UnitTests.Models.Validators.BookUpdateValidatorTests" name="UpdateBookValidator_WhenAuthorNameNotValid_Rejects(AuthorName: &quot;passpasasas&quot;)" time="0.0001864" />
    <testcase classname="Endava.BookSharing.Presentation.UnitTests.Models.Validators.BookUpdateValidatorTests" name="UpdateBookValidator_WhenAuthorNameNotValid_Rejects(AuthorName: null)" time="0.0001717" />
    <testcase classname="Endava.BookSharing.Presentation.UnitTests.Models.Validators.BookUpdateValidatorTests" name="UpdateBookValidator_WhenAuthorNameNotValid_Rejects(AuthorName: &quot;1234567890&quot;)" time="0.0001593" />
    <testcase classname="Endava.BookSharing.Presentation.UnitTests.Models.Validators.BookUpdateValidatorTests" name="UpdateBookValidator_WhenGenresValid_Accepts" time="0.0003289" />
    <testcase classname="Endava.BookSharing.Presentation.UnitTests.Models.Validators.BookUpdateValidatorTests" name="UpdateBookValidator_WhenLanguageIdValid_Accepts(languageId: &quot;asdbasdasd&quot;)" time="0.0003021" />
    <testcase classname="Endava.BookSharing.Presentation.UnitTests.Filters.ApiResultFilterTests" name="ApiResultFilterTest_OnResultExecuted_ShouldDoNothing(httpContext: DefaultHttpContext { Connection = DefaultConnectionInfo { ClientCertificate = null, Id = null, LocalIpAddress = null, LocalPort = 0, RemoteIpAddress = null, ... }, Features = [[Microsoft.AspNetCore.Http.Features.IHttpRequestFeature, Microsoft.AspNetCore.Http.Features.HttpRequestFeature], [Microsoft.AspNetCore.Http.Features.IHttpResponseFeature, Microsoft.AspNetCore.Http.Features.HttpResponseFeature], [Microsoft.AspNetCore.Http.Features.IHttpResponseBodyFeature, Microsoft.AspNetCore.Http.StreamResponseBodyFeature], [Microsoft.AspNetCore.Http.Features.Authentication.IHttpAuthenticationFeature, Microsoft.AspNetCore.Http.Features.Authentication.HttpAuthenticationFeature], [Microsoft.AspNetCore.Http.Features.IItemsFeature, Microsoft.AspNetCore.Http.Features.ItemsFeature], ...], FormOptions = FormOptions { BufferBody = True, BufferBodyLengthLimit = 24, KeyLengthLimit = 138, MemoryBufferThreshold = 205, MultipartBodyLengthLimit = 61, ... }, HttpContext = DefaultHttpContext { Connection = DefaultConnectionInfo { ... }, Features = [...], FormOptions = FormOptions { ... }, HttpContext = DefaultHttpContext { ... }, Items = [...], ... }, Items = [[System.Object, System.Object], [System.Object, System.Object], [System.Object, System.Object]], ... })" time="0.0327055" />
    <testcase classname="Endava.BookSharing.Presentation.UnitTests.Controllers.AccountControllerTests" name="PasswordRequest_Mediator_CalledOnce(email: &quot;email94848b91-5ee6-41ff-82f9-1cb31da5872c&quot;, mediatorResponse: ResetToken { Hash = &quot;Hash69b9bfe9-a02b-4447-864a-e85bf14e3567&quot; }, mediatorMock: Mock&lt;MediatR.IMediator:ba8b&gt;, sut: AccountController { ControllerContext = ControllerContext { ActionDescriptor = null, ActionDescriptor = null, HttpContext = null, ModelState = [...], RouteData = null, ... }, HttpContext = null, MetadataProvider = null, ModelBinderFactory = null, ModelState = [], ... })" time="0.0454969" />
    <testcase classname="Endava.BookSharing.Presentation.UnitTests.Controllers.BookControllerTests" name="GetBookDetails_Mediator_CalledOnce(bookId: &quot;bookId6850018b-0e64-4e12-bd4f-4f84267e2e73&quot;, mediatorResponse: BookResponse { Author = AuthorResponse { FullName = &quot;FullName840cebad-c891-4c6b-be91-60f5f5498d38&quot;, Id = &quot;Id002a9b34-2688-4a10-a2d0-a55b3dc8ff4a&quot; }, Cover = &quot;Cover55eb7036-8281-430b-9703-6f2bc1a343ff&quot;, Genres = [Genre { ... }, Genre { ... }, Genre { ... }], IsEditable = True, Language = Language { Id = &quot;Id7ae1167c-d209-4fa9-9917-cb856d79b084&quot;, Name = &quot;Name962ec4f3-a2d2-493c-9ba1-6b4ea0e3ddb7&quot; }, ... }, mediatorMock: Mock&lt;MediatR.IMediator:ebb9&gt;, httpContextMock: Mock&lt;Microsoft.AspNetCore.Http.HttpContext:0b63&gt;, sut: BookController { ControllerContext = ControllerContext { ActionDescriptor = null, ActionDescriptor = null, HttpContext = null, ModelState = [...], RouteData = null, ... }, HttpContext = null, MetadataProvider = null, ModelBinderFactory = null, ModelState = [], ... })" time="0.0567609" />
    <testcase classname="Endava.BookSharing.Presentation.UnitTests.Filters.ApiResultFilterTests" name="ApiResultFilterTest_ObjectResult_ReturnValidApiResult(httpContext: DefaultHttpContext { Connection = DefaultConnectionInfo { ClientCertificate = null, Id = null, LocalIpAddress = null, LocalPort = 0, RemoteIpAddress = null, ... }, Features = [[Microsoft.AspNetCore.Http.Features.IHttpRequestFeature, Microsoft.AspNetCore.Http.Features.HttpRequestFeature], [Microsoft.AspNetCore.Http.Features.IHttpResponseFeature, Microsoft.AspNetCore.Http.Features.HttpResponseFeature], [Microsoft.AspNetCore.Http.Features.IHttpResponseBodyFeature, Microsoft.AspNetCore.Http.StreamResponseBodyFeature], [Microsoft.AspNetCore.Http.Features.Authentication.IHttpAuthenticationFeature, Microsoft.AspNetCore.Http.Features.Authentication.HttpAuthenticationFeature], [Microsoft.AspNetCore.Http.Features.IItemsFeature, Microsoft.AspNetCore.Http.Features.ItemsFeature], ...], FormOptions = FormOptions { BufferBody = True, BufferBodyLengthLimit = 94, KeyLengthLimit = 165, MemoryBufferThreshold = 215, MultipartBodyLengthLimit = 92, ... }, HttpContext = DefaultHttpContext { Connection = DefaultConnectionInfo { ... }, Features = [...], FormOptions = FormOptions { ... }, HttpContext = DefaultHttpContext { ... }, Items = [...], ... }, Items = [[System.Object, System.Object], [System.Object, System.Object], [System.Object, System.Object]], ... }, someValidActionResult: &quot;someValidActionResultf7ee6062-a1ce-4650-b958-496bb&quot;...)" time="0.0197778" />
    <testcase classname="Endava.BookSharing.Presentation.UnitTests.Controllers.BookControllerTests" name="BookController_Delete_ShouldReturnBadRequest400WhenDeletionTypeInvalid(sut: BookController { ControllerContext = ControllerContext { ActionDescriptor = null, ActionDescriptor = null, HttpContext = null, ModelState = [...], RouteData = null, ... }, HttpContext = null, MetadataProvider = null, ModelBinderFactory = null, ModelState = [], ... }, httpContextMock: Mock&lt;Microsoft.AspNetCore.Http.HttpContext:da22&gt;, mediator: Mock&lt;MediatR.IMediator:a678&gt;)" time="0.0077917" />
    <testcase classname="Endava.BookSharing.Presentation.UnitTests.Controllers.AccountControllerTests" name="Logout_ShouldRemoveTokenCookie(sut: AccountController { ControllerContext = ControllerContext { ActionDescriptor = null, ActionDescriptor = null, HttpContext = null, ModelState = [...], RouteData = null, ... }, HttpContext = null, MetadataProvider = null, ModelBinderFactory = null, ModelState = [], ... }, httpResponseMock: Mock&lt;Microsoft.AspNetCore.Http.HttpResponse:b45d&gt;, httpContextMock: Mock&lt;Microsoft.AspNetCore.Http.HttpContext:d79f&gt;, responseCookiesMock: Mock&lt;Microsoft.AspNetCore.Http.IResponseCookies:0e64&gt;)" time="0.0192961" />
    <testcase classname="Endava.BookSharing.Presentation.UnitTests.Controllers.AccountControllerTests" name="GetUserDetails_ShouldReturn_OkObjectResult(httpContextMock: Mock&lt;Microsoft.AspNetCore.Http.HttpContext:5f8d&gt;, sut: AccountController { ControllerContext = ControllerContext { ActionDescriptor = null, ActionDescriptor = null, HttpContext = null, ModelState = [...], RouteData = null, ... }, HttpContext = null, MetadataProvider = null, ModelBinderFactory = null, ModelState = [], ... })" time="0.0014697" />
    <testcase classname="Endava.BookSharing.Presentation.UnitTests.Controllers.BookControllerTests" name="CreateReview_Mediator_CalledOnce(mediatorMock: Mock&lt;MediatR.IMediator:e389&gt;, httpContextMock: Mock&lt;Microsoft.AspNetCore.Http.HttpContext:3ce6&gt;, sut: BookController { ControllerContext = ControllerContext { ActionDescriptor = null, ActionDescriptor = null, HttpContext = null, ModelState = [...], RouteData = null, ... }, HttpContext = null, MetadataProvider = null, ModelBinderFactory = null, ModelState = [], ... }, request: CreateReviewRequest { BookId = &quot;BookId9f397944-0d27-4635-9fd0-1a2cfad260c2&quot;, Content = &quot;Contentcf1afbb6-0cbc-439d-a709-29f485725909&quot;, Rating = 192, Title = &quot;Title5d122a98-1aaf-4907-b658-82c433be15f0&quot; })" time="0.0038412" />
    <testcase classname="Endava.BookSharing.Presentation.UnitTests.Controllers.BookControllerTests" name="BookController_Update_ShouldReturnOkCode200(sut: BookController { ControllerContext = ControllerContext { ActionDescriptor = null, ActionDescriptor = null, HttpContext = null, ModelState = [...], RouteData = null, ... }, HttpContext = null, MetadataProvider = null, ModelBinderFactory = null, ModelState = [], ... }, httpContextMock: Mock&lt;Microsoft.AspNetCore.Http.HttpContext:7fea&gt;, mediator: Mock&lt;MediatR.IMediator:18c3&gt;)" time="0.0053489" />
    <testcase classname="Endava.BookSharing.Presentation.UnitTests.Controllers.BookControllerTests" name="BookController_Delete_ShouldReturnOkCode200(sut: BookController { ControllerContext = ControllerContext { ActionDescriptor = null, ActionDescriptor = null, HttpContext = null, ModelState = [...], RouteData = null, ... }, HttpContext = null, MetadataProvider = null, ModelBinderFactory = null, ModelState = [], ... }, httpContextMock: Mock&lt;Microsoft.AspNetCore.Http.HttpContext:5daa&gt;, mediator: Mock&lt;MediatR.IMediator:453c&gt;)" time="0.0016235" />
    <testcase classname="Endava.BookSharing.Presentation.UnitTests.Controllers.BookControllerTests" name="CreateReview_ReturnStatusCode200(mediatorMock: Mock&lt;MediatR.IMediator:b698&gt;, httpContextMock: Mock&lt;Microsoft.AspNetCore.Http.HttpContext:18ea&gt;, sut: BookController { ControllerContext = ControllerContext { ActionDescriptor = null, ActionDescriptor = null, HttpContext = null, ModelState = [...], RouteData = null, ... }, HttpContext = null, MetadataProvider = null, ModelBinderFactory = null, ModelState = [], ... }, request: CreateReviewRequest { BookId = &quot;BookIdd2f19e65-058e-4030-bd97-b198b0c42bd1&quot;, Content = &quot;Content6b356f87-4e7b-4099-9b15-a8525f86d111&quot;, Rating = 234, Title = &quot;Title97803e27-ff52-47cb-bc63-d7c06e09786f&quot; })" time="0.0046553" />
    <system-out>
Test Framework Informational Messages:
[xUnit.net 00:00:00.00] xUnit.net VSTest Adapter v2.4.3+1b45f5407b (64-bit .NET 6.0.10)
[xUnit.net 00:00:00.83]   Discovering: Endava.BookSharing.Presentation.UnitTests
[xUnit.net 00:00:00.88]   Discovered:  Endava.BookSharing.Presentation.UnitTests
[xUnit.net 00:00:00.89]   Starting:    Endava.BookSharing.Presentation.UnitTests
[xUnit.net 00:00:01.20]   Finished:    Endava.BookSharing.Presentation.UnitTests
</system-out>
    <system-err></system-err>
  </testsuite>
</testsuites>